# JRE version: Java(TM) SE Runtime Environment (9.0+11) (build 9.0.4+11)
# Java VM: Java HotSpot(TM) 64-Bit Server VM (9.0.4+11, mixed mode, tiered, compressed oops, g1 gc, windows-amd64)
Heap:
 garbage-first heap   total 182272K, used 92513K [0x0000000700000000, 0x0000000700100590, 0x00000007c0000000)
  region size 1024K, 12 young (12288K), 2 survivors (2048K)
 Metaspace       used 77407K, capacity 83402K, committed 83584K, reserved 1120256K
  class space    used 10836K, capacity 11867K, committed 11904K, reserved 1048576K
GC Heap History (10 events):
Event: 181.592 GC heap before
{Heap before GC invocations=58 (full 3):
 garbage-first heap   total 182272K, used 149374K [0x0000000700000000, 0x0000000700100590, 0x00000007c0000000)
  region size 1024K, 60 young (61440K), 2 survivors (2048K)
 Metaspace       used 76826K, capacity 82838K, committed 83072K, reserved 1120256K
  class space    used 10802K, capacity 11833K, committed 11904K, reserved 1048576K
}
Event: 181.596 GC heap after
{Heap after GC invocations=59 (full 3):
 garbage-first heap   total 182272K, used 90280K [0x0000000700000000, 0x0000000700100590, 0x00000007c0000000)
  region size 1024K, 2 young (2048K), 2 survivors (2048K)
 Metaspace       used 76826K, capacity 82838K, committed 83072K, reserved 1120256K
  class space    used 10802K, capacity 11833K, committed 11904K, reserved 1048576K
}
Event: 199.039 GC heap before
{Heap before GC invocations=60 (full 3):
 garbage-first heap   total 182272K, used 149672K [0x0000000700000000, 0x0000000700100590, 0x00000007c0000000)
  region size 1024K, 60 young (61440K), 2 survivors (2048K)
 Metaspace       used 77108K, capacity 83050K, committed 83328K, reserved 1120256K
  class space    used 10808K, capacity 11835K, committed 11904K, reserved 1048576K
}
Event: 199.045 GC heap after
{Heap after GC invocations=61 (full 3):
 garbage-first heap   total 182272K, used 90833K [0x0000000700000000, 0x0000000700100590, 0x00000007c0000000)
  region size 1024K, 3 young (3072K), 3 survivors (3072K)
 Metaspace       used 77108K, capacity 83050K, committed 83328K, reserved 1120256K
  class space    used 10808K, capacity 11835K, committed 11904K, reserved 1048576K
}
Event: 202.751 GC heap before
{Heap before GC invocations=61 (full 3):
 garbage-first heap   total 182272K, used 129745K [0x0000000700000000, 0x0000000700100590, 0x00000007c0000000)
  region size 1024K, 42 young (43008K), 3 survivors (3072K)
 Metaspace       used 77145K, capacity 83114K, committed 83328K, reserved 1120256K
  class space    used 10809K, capacity 11835K, committed 11904K, reserved 1048576K
}
Event: 203.099 GC heap after
{Heap after GC invocations=62 (full 4):
 garbage-first heap   total 182272K, used 82101K [0x0000000700000000, 0x0000000700100590, 0x00000007c0000000)
  region size 1024K, 0 young (0K), 0 survivors (0K)
 Metaspace       used 77145K, capacity 83114K, committed 83328K, reserved 1120256K
  class space    used 10809K, capacity 11835K, committed 11904K, reserved 1048576K
}
Event: 208.178 GC heap before
{Heap before GC invocations=62 (full 4):
 garbage-first heap   total 182272K, used 143541K [0x0000000700000000, 0x0000000700100590, 0x00000007c0000000)
  region size 1024K, 60 young (61440K), 0 survivors (0K)
 Metaspace       used 77327K, capacity 83274K, committed 83328K, reserved 1120256K
  class space    used 10836K, capacity 11867K, committed 11904K, reserved 1048576K
}
Event: 208.183 GC heap after
{Heap after GC invocations=63 (full 4):
 garbage-first heap   total 182272K, used 83510K [0x0000000700000000, 0x0000000700100590, 0x00000007c0000000)
  region size 1024K, 2 young (2048K), 2 survivors (2048K)
 Metaspace       used 77327K, capacity 83274K, committed 83328K, reserved 1120256K
  class space    used 10836K, capacity 11867K, committed 11904K, reserved 1048576K
}
Event: 214.512 GC heap before
{Heap before GC invocations=64 (full 4):
 garbage-first heap   total 182272K, used 142902K [0x0000000700000000, 0x0000000700100590, 0x00000007c0000000)
  region size 1024K, 60 young (61440K), 2 survivors (2048K)
 Metaspace       used 77375K, capacity 83338K, committed 83584K, reserved 1120256K
  class space    used 10836K, capacity 11867K, committed 11904K, reserved 1048576K
}
Event: 214.516 GC heap after
{Heap after GC invocations=65 (full 4):
 garbage-first heap   total 182272K, used 83297K [0x0000000700000000, 0x0000000700100590, 0x00000007c0000000)
  region size 1024K, 2 young (2048K), 2 survivors (2048K)
 Metaspace       used 77375K, capacity 83338K, committed 83584K, reserved 1120256K
  class space    used 10836K, capacity 11867K, committed 11904K, reserved 1048576K
}

